\BOOKMARK [0][-]{chapter.1}{Introduction}{}% 1
\BOOKMARK [1][-]{section.1.1}{Motivation}{chapter.1}% 2
\BOOKMARK [1][-]{section.1.2}{Contribution}{chapter.1}% 3
\BOOKMARK [1][-]{section.1.3}{Document Structure}{chapter.1}% 4
\BOOKMARK [0][-]{chapter.2}{Background}{}% 5
\BOOKMARK [1][-]{section.2.1}{Supervised Learning}{chapter.2}% 6
\BOOKMARK [1][-]{section.2.2}{Deep Learning}{chapter.2}% 7
\BOOKMARK [2][-]{subsection.2.2.1}{Feedforward Networks}{section.2.2}% 8
\BOOKMARK [2][-]{subsection.2.2.2}{Convolutional Networks}{section.2.2}% 9
\BOOKMARK [1][-]{section.2.3}{Stochastic Gradient Descent}{chapter.2}% 10
\BOOKMARK [1][-]{section.2.4}{Curriculum Learning}{chapter.2}% 11
\BOOKMARK [1][-]{section.2.5}{Active Learning}{chapter.2}% 12
\BOOKMARK [0][-]{chapter.3}{Related Work}{}% 13
\BOOKMARK [1][-]{section.3.1}{Self-Paced Learning}{chapter.3}% 14
\BOOKMARK [1][-]{section.3.2}{Transfer Learning}{chapter.3}% 15
\BOOKMARK [1][-]{section.3.3}{Reinforcement Learning}{chapter.3}% 16
\BOOKMARK [1][-]{section.3.4}{Active Bias}{chapter.3}% 17
\BOOKMARK [0][-]{chapter.4}{Bootstrapped Active Curricula}{}% 18
\BOOKMARK [1][-]{section.4.1}{Curriculum Construction}{chapter.4}% 19
\BOOKMARK [2][-]{subsection.4.1.1}{Average Absolute Distance to Threshold \(AADT\)}{section.4.1}% 20
\BOOKMARK [2][-]{subsection.4.1.2}{Phase Training Epochs}{section.4.1}% 21
\BOOKMARK [2][-]{subsection.4.1.3}{Pseudocode for BAC}{section.4.1}% 22
\BOOKMARK [1][-]{section.4.2}{Geometric Shapes Dataset}{chapter.4}% 23
\BOOKMARK [1][-]{section.4.3}{Experiments}{chapter.4}% 24
\BOOKMARK [1][-]{section.4.4}{Results and Discussion}{chapter.4}% 25
\BOOKMARK [1][-]{section.4.5}{Summary}{chapter.4}% 26
\BOOKMARK [0][-]{chapter.5}{Dynamic Active Curricula}{}% 27
\BOOKMARK [1][-]{section.5.1}{Curriculum Construction}{chapter.5}% 28
\BOOKMARK [2][-]{subsection.5.1.1}{Dynamic Task Curricula \(DTC\)}{section.5.1}% 29
\BOOKMARK [2][-]{subsection.5.1.2}{Dynamic Sampling Curricula \(DSC\)}{section.5.1}% 30
\BOOKMARK [2][-]{subsection.5.1.3}{Dynamic Sampled Task Curricula \(DSTC\)}{section.5.1}% 31
\BOOKMARK [2][-]{subsection.5.1.4}{BALD Active Score Function}{section.5.1}% 32
\BOOKMARK [2][-]{subsection.5.1.5}{Softmax temperature}{section.5.1}% 33
\BOOKMARK [1][-]{section.5.2}{Datasets}{chapter.5}% 34
\BOOKMARK [2][-]{subsection.5.2.1}{MNIST}{section.5.2}% 35
\BOOKMARK [2][-]{subsection.5.2.2}{CIFAR 10}{section.5.2}% 36
\BOOKMARK [1][-]{section.5.3}{Experiments}{chapter.5}% 37
\BOOKMARK [1][-]{section.5.4}{Results and Discussion}{chapter.5}% 38
\BOOKMARK [0][-]{chapter.6}{Conclusion and Future Research Directions}{}% 39
\BOOKMARK [1][-]{section.6.1}{Concluding Analysis}{chapter.6}% 40
\BOOKMARK [1][-]{section.6.2}{Suggested Future Research Directions}{chapter.6}% 41
\BOOKMARK [0][-]{chapter*.19}{Bibliography}{}% 42
\BOOKMARK [0][-]{appendix.A}{Bootstrapped Active Curriculum Results}{}% 43
\BOOKMARK [0][-]{appendix.B}{Dynamic Active Curriculum Results}{}% 44
